{"meta": {"format": 3, "version": "7.13.0", "timestamp": "2025-12-25T23:50:55.419210", "branch_coverage": false, "show_contexts": false}, "files": {"algorithms\\__init__.py": {"executed_lines": [0], "summary": {"covered_lines": 0, "num_statements": 0, "percent_covered": 100.0, "percent_covered_display": "100", "missing_lines": 0, "excluded_lines": 0, "percent_statements_covered": 100.0, "percent_statements_covered_display": "100"}, "missing_lines": [], "excluded_lines": [], "functions": {"": {"executed_lines": [], "summary": {"covered_lines": 0, "num_statements": 0, "percent_covered": 100.0, "percent_covered_display": "100", "missing_lines": 0, "excluded_lines": 0, "percent_statements_covered": 100.0, "percent_statements_covered_display": "100"}, "missing_lines": [], "excluded_lines": []}}, "classes": {"": {"executed_lines": [], "summary": {"covered_lines": 0, "num_statements": 0, "percent_covered": 100.0, "percent_covered_display": "100", "missing_lines": 0, "excluded_lines": 0, "percent_statements_covered": 100.0, "percent_statements_covered_display": "100"}, "missing_lines": [], "excluded_lines": []}}}, "algorithms\\collaborative_filtering.py": {"executed_lines": [3, 4, 5, 7, 8, 10, 11, 12, 13, 15, 20, 22, 23, 24, 26, 27, 29, 37, 42, 44, 46, 50, 51, 57, 58, 60, 61, 65, 67, 69, 73, 74, 77, 78, 79, 82, 83, 84, 85, 88, 89, 91, 93, 96, 97, 99, 100, 101, 104, 105, 106, 108, 109, 110, 113, 114], "summary": {"covered_lines": 55, "num_statements": 59, "percent_covered": 93.22033898305085, "percent_covered_display": "93", "missing_lines": 4, "excluded_lines": 0, "percent_statements_covered": 93.22033898305085, "percent_statements_covered_display": "93"}, "missing_lines": [34, 47, 63, 70], "excluded_lines": [], "functions": {"CollaborativeFilter.__init__": {"executed_lines": [11, 12, 13], "summary": {"covered_lines": 3, "num_statements": 3, "percent_covered": 100.0, "percent_covered_display": "100", "missing_lines": 0, "excluded_lines": 0, "percent_statements_covered": 100.0, "percent_statements_covered_display": "100"}, "missing_lines": [], "excluded_lines": []}, "CollaborativeFilter.fit": {"executed_lines": [20, 22, 23, 24, 26, 27, 29, 37, 42], "summary": {"covered_lines": 9, "num_statements": 10, "percent_covered": 90.0, "percent_covered_display": "90", "missing_lines": 1, "excluded_lines": 0, "percent_statements_covered": 90.0, "percent_statements_covered_display": "90"}, "missing_lines": [34], "excluded_lines": []}, "CollaborativeFilter.predict_user_item_score": {"executed_lines": [46, 50, 51, 57, 58, 60, 61, 65], "summary": {"covered_lines": 8, "num_statements": 10, "percent_covered": 80.0, "percent_covered_display": "80", "missing_lines": 2, "excluded_lines": 0, "percent_statements_covered": 80.0, "percent_statements_covered_display": "80"}, "missing_lines": [47, 63], "excluded_lines": []}, "CollaborativeFilter.recommend_items": {"executed_lines": [69, 73, 74, 77, 78, 79, 82, 83, 84, 85, 88, 89], "summary": {"covered_lines": 12, "num_statements": 13, "percent_covered": 92.3076923076923, "percent_covered_display": "92", "missing_lines": 1, "excluded_lines": 0, "percent_statements_covered": 92.3076923076923, "percent_statements_covered_display": "92"}, "missing_lines": [70], "excluded_lines": []}, "CollaborativeFilter.find_similar_users": {"executed_lines": [93, 96, 97, 99, 100, 101, 104, 105, 106, 108, 109, 110, 113, 114], "summary": {"covered_lines": 14, "num_statements": 14, "percent_covered": 100.0, "percent_covered_display": "100", "missing_lines": 0, "excluded_lines": 0, "percent_statements_covered": 100.0, "percent_statements_covered_display": "100"}, "missing_lines": [], "excluded_lines": []}, "": {"executed_lines": [3, 4, 5, 7, 8, 10, 15, 44, 67, 91], "summary": {"covered_lines": 9, "num_statements": 9, "percent_covered": 100.0, "percent_covered_display": "100", "missing_lines": 0, "excluded_lines": 0, "percent_statements_covered": 100.0, "percent_statements_covered_display": "100"}, "missing_lines": [], "excluded_lines": []}}, "classes": {"CollaborativeFilter": {"executed_lines": [11, 12, 13, 20, 22, 23, 24, 26, 27, 29, 37, 42, 46, 50, 51, 57, 58, 60, 61, 65, 69, 73, 74, 77, 78, 79, 82, 83, 84, 85, 88, 89, 93, 96, 97, 99, 100, 101, 104, 105, 106, 108, 109, 110, 113, 114], "summary": {"covered_lines": 46, "num_statements": 50, "percent_covered": 92.0, "percent_covered_display": "92", "missing_lines": 4, "excluded_lines": 0, "percent_statements_covered": 92.0, "percent_statements_covered_display": "92"}, "missing_lines": [34, 47, 63, 70], "excluded_lines": []}, "": {"executed_lines": [3, 4, 5, 7, 8, 10, 15, 44, 67, 91], "summary": {"covered_lines": 9, "num_statements": 9, "percent_covered": 100.0, "percent_covered_display": "100", "missing_lines": 0, "excluded_lines": 0, "percent_statements_covered": 100.0, "percent_statements_covered_display": "100"}, "missing_lines": [], "excluded_lines": []}}}, "algorithms\\engagement.py": {"executed_lines": [], "summary": {"covered_lines": 0, "num_statements": 163, "percent_covered": 0.0, "percent_covered_display": "0", "missing_lines": 163, "excluded_lines": 0, "percent_statements_covered": 0.0, "percent_statements_covered_display": "0"}, "missing_lines": [8, 9, 10, 11, 14, 17, 18, 28, 38, 39, 40, 43, 44, 45, 48, 49, 50, 53, 54, 55, 58, 59, 60, 61, 64, 65, 66, 69, 70, 71, 74, 75, 76, 79, 82, 87, 95, 96, 97, 105, 107, 110, 111, 113, 114, 117, 119, 121, 124, 125, 127, 128, 131, 133, 135, 137, 138, 139, 140, 141, 142, 144, 146, 148, 150, 151, 152, 153, 154, 155, 157, 159, 161, 162, 164, 165, 166, 167, 168, 169, 170, 171, 173, 174, 175, 177, 179, 180, 183, 189, 190, 193, 199, 206, 207, 208, 209, 210, 211, 212, 213, 215, 216, 217, 219, 221, 222, 225, 235, 236, 237, 240, 242, 248, 249, 256, 258, 259, 260, 261, 262, 263, 264, 265, 267, 269, 271, 273, 274, 280, 281, 287, 288, 294, 295, 301, 302, 308, 310, 320, 321, 324, 330, 332, 341, 342, 343, 344, 350, 351, 352, 355, 356, 357, 358, 361, 363, 364, 365, 371, 373, 374, 375], "excluded_lines": [], "functions": {"EngagementPredictor.__init__": {"executed_lines": [], "summary": {"covered_lines": 0, "num_statements": 1, "percent_covered": 0.0, "percent_covered_display": "0", "missing_lines": 1, "excluded_lines": 0, "percent_statements_covered": 0.0, "percent_statements_covered_display": "0"}, "missing_lines": [18], "excluded_lines": []}, "EngagementPredictor.predict_engagement": {"executed_lines": [], "summary": {"covered_lines": 0, "num_statements": 31, "percent_covered": 0.0, "percent_covered_display": "0", "missing_lines": 31, "excluded_lines": 0, "percent_statements_covered": 0.0, "percent_statements_covered_display": "0"}, "missing_lines": [38, 39, 40, 43, 44, 45, 48, 49, 50, 53, 54, 55, 58, 59, 60, 61, 64, 65, 66, 69, 70, 71, 74, 75, 76, 79, 82, 87, 95, 96, 97], "excluded_lines": []}, "EngagementPredictor._calculate_time_score": {"executed_lines": [], "summary": {"covered_lines": 0, "num_statements": 6, "percent_covered": 0.0, "percent_covered_display": "0", "missing_lines": 6, "excluded_lines": 0, "percent_statements_covered": 0.0, "percent_statements_covered_display": "0"}, "missing_lines": [107, 110, 111, 113, 114, 117], "excluded_lines": []}, "EngagementPredictor._calculate_day_score": {"executed_lines": [], "summary": {"covered_lines": 0, "num_statements": 6, "percent_covered": 0.0, "percent_covered_display": "0", "missing_lines": 6, "excluded_lines": 0, "percent_statements_covered": 0.0, "percent_statements_covered_display": "0"}, "missing_lines": [121, 124, 125, 127, 128, 131], "excluded_lines": []}, "EngagementPredictor._calculate_length_score": {"executed_lines": [], "summary": {"covered_lines": 0, "num_statements": 8, "percent_covered": 0.0, "percent_covered_display": "0", "missing_lines": 8, "excluded_lines": 0, "percent_statements_covered": 0.0, "percent_statements_covered_display": "0"}, "missing_lines": [135, 137, 138, 139, 140, 141, 142, 144], "excluded_lines": []}, "EngagementPredictor._calculate_hashtag_score": {"executed_lines": [], "summary": {"covered_lines": 0, "num_statements": 8, "percent_covered": 0.0, "percent_covered_display": "0", "missing_lines": 8, "excluded_lines": 0, "percent_statements_covered": 0.0, "percent_statements_covered_display": "0"}, "missing_lines": [148, 150, 151, 152, 153, 154, 155, 157], "excluded_lines": []}, "EngagementPredictor._calculate_followers_score": {"executed_lines": [], "summary": {"covered_lines": 0, "num_statements": 13, "percent_covered": 0.0, "percent_covered_display": "0", "missing_lines": 13, "excluded_lines": 0, "percent_statements_covered": 0.0, "percent_statements_covered_display": "0"}, "missing_lines": [161, 162, 164, 165, 166, 167, 168, 169, 170, 171, 173, 174, 175], "excluded_lines": []}, "EngagementPredictor._calculate_author_engagement_score": {"executed_lines": [], "summary": {"covered_lines": 0, "num_statements": 18, "percent_covered": 0.0, "percent_covered_display": "0", "missing_lines": 18, "excluded_lines": 0, "percent_statements_covered": 0.0, "percent_statements_covered_display": "0"}, "missing_lines": [179, 180, 183, 189, 190, 193, 199, 206, 207, 208, 209, 210, 211, 212, 213, 215, 216, 217], "excluded_lines": []}, "EngagementPredictor._estimate_engagement_metrics": {"executed_lines": [], "summary": {"covered_lines": 0, "num_statements": 10, "percent_covered": 0.0, "percent_covered_display": "0", "missing_lines": 10, "excluded_lines": 0, "percent_statements_covered": 0.0, "percent_statements_covered_display": "0"}, "missing_lines": [221, 222, 225, 235, 236, 237, 240, 242, 248, 249], "excluded_lines": []}, "EngagementPredictor._get_rating": {"executed_lines": [], "summary": {"covered_lines": 0, "num_statements": 9, "percent_covered": 0.0, "percent_covered_display": "0", "missing_lines": 9, "excluded_lines": 0, "percent_statements_covered": 0.0, "percent_statements_covered_display": "0"}, "missing_lines": [258, 259, 260, 261, 262, 263, 264, 265, 267], "excluded_lines": []}, "EngagementPredictor._generate_recommendations": {"executed_lines": [], "summary": {"covered_lines": 0, "num_statements": 12, "percent_covered": 0.0, "percent_covered_display": "0", "missing_lines": 12, "excluded_lines": 0, "percent_statements_covered": 0.0, "percent_statements_covered_display": "0"}, "missing_lines": [271, 273, 274, 280, 281, 287, 288, 294, 295, 301, 302, 308], "excluded_lines": []}, "EngagementPredictor.predict_best_time_to_post": {"executed_lines": [], "summary": {"covered_lines": 0, "num_statements": 24, "percent_covered": 0.0, "percent_covered_display": "0", "missing_lines": 24, "excluded_lines": 0, "percent_statements_covered": 0.0, "percent_statements_covered_display": "0"}, "missing_lines": [320, 321, 324, 330, 332, 341, 342, 343, 344, 350, 351, 352, 355, 356, 357, 358, 361, 363, 364, 365, 371, 373, 374, 375], "excluded_lines": []}, "": {"executed_lines": [], "summary": {"covered_lines": 0, "num_statements": 17, "percent_covered": 0.0, "percent_covered_display": "0", "missing_lines": 17, "excluded_lines": 0, "percent_statements_covered": 0.0, "percent_statements_covered_display": "0"}, "missing_lines": [8, 9, 10, 11, 14, 17, 28, 105, 119, 133, 146, 159, 177, 219, 256, 269, 310], "excluded_lines": []}}, "classes": {"EngagementPredictor": {"executed_lines": [], "summary": {"covered_lines": 0, "num_statements": 146, "percent_covered": 0.0, "percent_covered_display": "0", "missing_lines": 146, "excluded_lines": 0, "percent_statements_covered": 0.0, "percent_statements_covered_display": "0"}, "missing_lines": [18, 38, 39, 40, 43, 44, 45, 48, 49, 50, 53, 54, 55, 58, 59, 60, 61, 64, 65, 66, 69, 70, 71, 74, 75, 76, 79, 82, 87, 95, 96, 97, 107, 110, 111, 113, 114, 117, 121, 124, 125, 127, 128, 131, 135, 137, 138, 139, 140, 141, 142, 144, 148, 150, 151, 152, 153, 154, 155, 157, 161, 162, 164, 165, 166, 167, 168, 169, 170, 171, 173, 174, 175, 179, 180, 183, 189, 190, 193, 199, 206, 207, 208, 209, 210, 211, 212, 213, 215, 216, 217, 221, 222, 225, 235, 236, 237, 240, 242, 248, 249, 258, 259, 260, 261, 262, 263, 264, 265, 267, 271, 273, 274, 280, 281, 287, 288, 294, 295, 301, 302, 308, 320, 321, 324, 330, 332, 341, 342, 343, 344, 350, 351, 352, 355, 356, 357, 358, 361, 363, 364, 365, 371, 373, 374, 375], "excluded_lines": []}, "": {"executed_lines": [], "summary": {"covered_lines": 0, "num_statements": 17, "percent_covered": 0.0, "percent_covered_display": "0", "missing_lines": 17, "excluded_lines": 0, "percent_statements_covered": 0.0, "percent_statements_covered_display": "0"}, "missing_lines": [8, 9, 10, 11, 14, 17, 28, 105, 119, 133, 146, 159, 177, 219, 256, 269, 310], "excluded_lines": []}}}, "algorithms\\integration.py": {"executed_lines": [], "summary": {"covered_lines": 0, "num_statements": 96, "percent_covered": 0.0, "percent_covered_display": "0", "missing_lines": 96, "excluded_lines": 0, "percent_statements_covered": 0.0, "percent_statements_covered_display": "0"}, "missing_lines": [3, 4, 5, 6, 7, 8, 11, 20, 21, 22, 24, 27, 28, 35, 41, 42, 59, 60, 62, 63, 65, 68, 70, 71, 72, 73, 76, 77, 80, 82, 84, 87, 88, 90, 91, 92, 94, 95, 97, 98, 99, 102, 103, 104, 105, 106, 107, 108, 109, 111, 112, 113, 114, 116, 117, 118, 119, 120, 123, 124, 125, 126, 128, 141, 143, 145, 147, 148, 150, 151, 152, 155, 157, 167, 170, 171, 172, 173, 174, 175, 176, 177, 180, 181, 182, 183, 184, 185, 186, 189, 190, 191, 192, 193, 194, 196], "excluded_lines": [], "functions": {"notify_subadmin_of_flagged_content": {"executed_lines": [], "summary": {"covered_lines": 0, "num_statements": 13, "percent_covered": 0.0, "percent_covered_display": "0", "missing_lines": 13, "excluded_lines": 0, "percent_statements_covered": 0.0, "percent_statements_covered_display": "0"}, "missing_lines": [20, 21, 22, 24, 27, 28, 35, 41, 42, 59, 60, 62, 63], "excluded_lines": []}, "get_user_recommendations": {"executed_lines": [], "summary": {"covered_lines": 0, "num_statements": 9, "percent_covered": 0.0, "percent_covered_display": "0", "missing_lines": 9, "excluded_lines": 0, "percent_statements_covered": 0.0, "percent_statements_covered_display": "0"}, "missing_lines": [68, 70, 71, 72, 73, 76, 77, 80, 82], "excluded_lines": []}, "moderate_post_content": {"executed_lines": [], "summary": {"covered_lines": 0, "num_statements": 34, "percent_covered": 0.0, "percent_covered_display": "0", "missing_lines": 34, "excluded_lines": 0, "percent_statements_covered": 0.0, "percent_statements_covered_display": "0"}, "missing_lines": [87, 88, 90, 91, 92, 94, 95, 97, 98, 99, 102, 103, 104, 105, 106, 107, 108, 109, 111, 112, 113, 114, 116, 117, 118, 119, 120, 123, 124, 125, 126, 128, 141, 143], "excluded_lines": []}, "calculate_user_influence_score": {"executed_lines": [], "summary": {"covered_lines": 0, "num_statements": 30, "percent_covered": 0.0, "percent_covered_display": "0", "missing_lines": 30, "excluded_lines": 0, "percent_statements_covered": 0.0, "percent_statements_covered_display": "0"}, "missing_lines": [147, 148, 150, 151, 152, 155, 157, 167, 170, 171, 172, 173, 174, 175, 176, 177, 180, 181, 182, 183, 184, 185, 186, 189, 190, 191, 192, 193, 194, 196], "excluded_lines": []}, "": {"executed_lines": [], "summary": {"covered_lines": 0, "num_statements": 10, "percent_covered": 0.0, "percent_covered_display": "0", "missing_lines": 10, "excluded_lines": 0, "percent_statements_covered": 0.0, "percent_statements_covered_display": "0"}, "missing_lines": [3, 4, 5, 6, 7, 8, 11, 65, 84, 145], "excluded_lines": []}}, "classes": {"": {"executed_lines": [], "summary": {"covered_lines": 0, "num_statements": 96, "percent_covered": 0.0, "percent_covered_display": "0", "missing_lines": 96, "excluded_lines": 0, "percent_statements_covered": 0.0, "percent_statements_covered_display": "0"}, "missing_lines": [3, 4, 5, 6, 7, 8, 11, 20, 21, 22, 24, 27, 28, 35, 41, 42, 59, 60, 62, 63, 65, 68, 70, 71, 72, 73, 76, 77, 80, 82, 84, 87, 88, 90, 91, 92, 94, 95, 97, 98, 99, 102, 103, 104, 105, 106, 107, 108, 109, 111, 112, 113, 114, 116, 117, 118, 119, 120, 123, 124, 125, 126, 128, 141, 143, 145, 147, 148, 150, 151, 152, 155, 157, 167, 170, 171, 172, 173, 174, 175, 176, 177, 180, 181, 182, 183, 184, 185, 186, 189, 190, 191, 192, 193, 194, 196], "excluded_lines": []}}}, "algorithms\\matching.py": {"executed_lines": [3, 4, 5, 6, 9, 10, 12, 13, 15, 57, 83, 125, 151, 186, 237, 282, 322, 350, 372, 421], "summary": {"covered_lines": 19, "num_statements": 212, "percent_covered": 8.962264150943396, "percent_covered_display": "9", "missing_lines": 193, "excluded_lines": 0, "percent_statements_covered": 8.962264150943396, "percent_statements_covered_display": "9"}, "missing_lines": [26, 27, 29, 30, 32, 35, 39, 44, 45, 46, 49, 50, 53, 55, 59, 62, 63, 64, 65, 68, 69, 72, 73, 74, 77, 78, 79, 81, 94, 96, 97, 99, 102, 107, 112, 113, 114, 117, 118, 121, 123, 127, 130, 131, 132, 133, 136, 137, 138, 139, 140, 142, 143, 146, 147, 149, 164, 166, 167, 169, 171, 174, 175, 176, 179, 182, 184, 188, 189, 191, 193, 196, 197, 198, 201, 202, 204, 206, 207, 208, 210, 217, 218, 221, 222, 223, 225, 228, 231, 232, 233, 235, 249, 251, 252, 254, 257, 263, 266, 269, 270, 271, 274, 275, 278, 280, 284, 286, 287, 288, 290, 293, 294, 295, 296, 299, 300, 303, 304, 305, 308, 309, 312, 316, 317, 318, 320, 334, 335, 337, 338, 340, 341, 342, 345, 347, 348, 352, 355, 356, 357, 358, 361, 362, 363, 364, 367, 368, 370, 383, 386, 387, 392, 393, 396, 399, 403, 406, 410, 413, 414, 415, 416, 417, 419, 437, 438, 445, 448, 449, 450, 451, 454, 455, 457, 458, 459, 462, 463, 464, 467, 468, 471, 475, 476, 479, 480, 481, 482, 483, 484, 486, 488], "excluded_lines": [], "functions": {"MatchingEngine.__init__": {"executed_lines": [13], "summary": {"covered_lines": 1, "num_statements": 1, "percent_covered": 100.0, "percent_covered_display": "100", "missing_lines": 0, "excluded_lines": 0, "percent_statements_covered": 100.0, "percent_statements_covered_display": "100"}, "missing_lines": [], "excluded_lines": []}, "MatchingEngine.match_fan_to_celebrity": {"executed_lines": [], "summary": {"covered_lines": 0, "num_statements": 14, "percent_covered": 0.0, "percent_covered_display": "0", "missing_lines": 14, "excluded_lines": 0, "percent_statements_covered": 0.0, "percent_statements_covered_display": "0"}, "missing_lines": [26, 27, 29, 30, 32, 35, 39, 44, 45, 46, 49, 50, 53, 55], "excluded_lines": []}, "MatchingEngine._calculate_fan_celebrity_match_score": {"executed_lines": [], "summary": {"covered_lines": 0, "num_statements": 14, "percent_covered": 0.0, "percent_covered_display": "0", "missing_lines": 14, "excluded_lines": 0, "percent_statements_covered": 0.0, "percent_statements_covered_display": "0"}, "missing_lines": [59, 62, 63, 64, 65, 68, 69, 72, 73, 74, 77, 78, 79, 81], "excluded_lines": []}, "MatchingEngine.match_fan_to_fan_club": {"executed_lines": [], "summary": {"covered_lines": 0, "num_statements": 13, "percent_covered": 0.0, "percent_covered_display": "0", "missing_lines": 13, "excluded_lines": 0, "percent_statements_covered": 0.0, "percent_statements_covered_display": "0"}, "missing_lines": [94, 96, 97, 99, 102, 107, 112, 113, 114, 117, 118, 121, 123], "excluded_lines": []}, "MatchingEngine._calculate_fan_fanclub_match_score": {"executed_lines": [], "summary": {"covered_lines": 0, "num_statements": 15, "percent_covered": 0.0, "percent_covered_display": "0", "missing_lines": 15, "excluded_lines": 0, "percent_statements_covered": 0.0, "percent_statements_covered_display": "0"}, "missing_lines": [127, 130, 131, 132, 133, 136, 137, 138, 139, 140, 142, 143, 146, 147, 149], "excluded_lines": []}, "MatchingEngine.match_content_to_user": {"executed_lines": [], "summary": {"covered_lines": 0, "num_statements": 11, "percent_covered": 0.0, "percent_covered_display": "0", "missing_lines": 11, "excluded_lines": 0, "percent_statements_covered": 0.0, "percent_statements_covered_display": "0"}, "missing_lines": [164, 166, 167, 169, 171, 174, 175, 176, 179, 182, 184], "excluded_lines": []}, "MatchingEngine._calculate_content_match_score": {"executed_lines": [], "summary": {"covered_lines": 0, "num_statements": 25, "percent_covered": 0.0, "percent_covered_display": "0", "missing_lines": 25, "excluded_lines": 0, "percent_statements_covered": 0.0, "percent_statements_covered_display": "0"}, "missing_lines": [188, 189, 191, 193, 196, 197, 198, 201, 202, 204, 206, 207, 208, 210, 217, 218, 221, 222, 223, 225, 228, 231, 232, 233, 235], "excluded_lines": []}, "MatchingEngine.find_compatible_users": {"executed_lines": [], "summary": {"covered_lines": 0, "num_statements": 14, "percent_covered": 0.0, "percent_covered_display": "0", "missing_lines": 14, "excluded_lines": 0, "percent_statements_covered": 0.0, "percent_statements_covered_display": "0"}, "missing_lines": [249, 251, 252, 254, 257, 263, 266, 269, 270, 271, 274, 275, 278, 280], "excluded_lines": []}, "MatchingEngine._calculate_user_compatibility": {"executed_lines": [], "summary": {"covered_lines": 0, "num_statements": 21, "percent_covered": 0.0, "percent_covered_display": "0", "missing_lines": 21, "excluded_lines": 0, "percent_statements_covered": 0.0, "percent_statements_covered_display": "0"}, "missing_lines": [284, 286, 287, 288, 290, 293, 294, 295, 296, 299, 300, 303, 304, 305, 308, 309, 312, 316, 317, 318, 320], "excluded_lines": []}, "MatchingEngine.match_celebrity_to_brands": {"executed_lines": [], "summary": {"covered_lines": 0, "num_statements": 10, "percent_covered": 0.0, "percent_covered_display": "0", "missing_lines": 10, "excluded_lines": 0, "percent_statements_covered": 0.0, "percent_statements_covered_display": "0"}, "missing_lines": [334, 335, 337, 338, 340, 341, 342, 345, 347, 348], "excluded_lines": []}, "MatchingEngine._calculate_celebrity_brand_match": {"executed_lines": [], "summary": {"covered_lines": 0, "num_statements": 12, "percent_covered": 0.0, "percent_covered_display": "0", "missing_lines": 12, "excluded_lines": 0, "percent_statements_covered": 0.0, "percent_statements_covered_display": "0"}, "missing_lines": [352, 355, 356, 357, 358, 361, 362, 363, 364, 367, 368, 370], "excluded_lines": []}, "MatchingEngine.calculate_fan_celebrity_affinity": {"executed_lines": [], "summary": {"covered_lines": 0, "num_statements": 16, "percent_covered": 0.0, "percent_covered_display": "0", "missing_lines": 16, "excluded_lines": 0, "percent_statements_covered": 0.0, "percent_statements_covered_display": "0"}, "missing_lines": [383, 386, 387, 392, 393, 396, 399, 403, 406, 410, 413, 414, 415, 416, 417, 419], "excluded_lines": []}, "MatchingEngine.suggest_collaborations": {"executed_lines": [], "summary": {"covered_lines": 0, "num_statements": 28, "percent_covered": 0.0, "percent_covered_display": "0", "missing_lines": 28, "excluded_lines": 0, "percent_statements_covered": 0.0, "percent_statements_covered_display": "0"}, "missing_lines": [437, 438, 445, 448, 449, 450, 451, 454, 455, 457, 458, 459, 462, 463, 464, 467, 468, 471, 475, 476, 479, 480, 481, 482, 483, 484, 486, 488], "excluded_lines": []}, "": {"executed_lines": [3, 4, 5, 6, 9, 10, 12, 15, 57, 83, 125, 151, 186, 237, 282, 322, 350, 372, 421], "summary": {"covered_lines": 18, "num_statements": 18, "percent_covered": 100.0, "percent_covered_display": "100", "missing_lines": 0, "excluded_lines": 0, "percent_statements_covered": 100.0, "percent_statements_covered_display": "100"}, "missing_lines": [], "excluded_lines": []}}, "classes": {"MatchingEngine": {"executed_lines": [13], "summary": {"covered_lines": 1, "num_statements": 194, "percent_covered": 0.5154639175257731, "percent_covered_display": "1", "missing_lines": 193, "excluded_lines": 0, "percent_statements_covered": 0.5154639175257731, "percent_statements_covered_display": "1"}, "missing_lines": [26, 27, 29, 30, 32, 35, 39, 44, 45, 46, 49, 50, 53, 55, 59, 62, 63, 64, 65, 68, 69, 72, 73, 74, 77, 78, 79, 81, 94, 96, 97, 99, 102, 107, 112, 113, 114, 117, 118, 121, 123, 127, 130, 131, 132, 133, 136, 137, 138, 139, 140, 142, 143, 146, 147, 149, 164, 166, 167, 169, 171, 174, 175, 176, 179, 182, 184, 188, 189, 191, 193, 196, 197, 198, 201, 202, 204, 206, 207, 208, 210, 217, 218, 221, 222, 223, 225, 228, 231, 232, 233, 235, 249, 251, 252, 254, 257, 263, 266, 269, 270, 271, 274, 275, 278, 280, 284, 286, 287, 288, 290, 293, 294, 295, 296, 299, 300, 303, 304, 305, 308, 309, 312, 316, 317, 318, 320, 334, 335, 337, 338, 340, 341, 342, 345, 347, 348, 352, 355, 356, 357, 358, 361, 362, 363, 364, 367, 368, 370, 383, 386, 387, 392, 393, 396, 399, 403, 406, 410, 413, 414, 415, 416, 417, 419, 437, 438, 445, 448, 449, 450, 451, 454, 455, 457, 458, 459, 462, 463, 464, 467, 468, 471, 475, 476, 479, 480, 481, 482, 483, 484, 486, 488], "excluded_lines": []}, "": {"executed_lines": [3, 4, 5, 6, 9, 10, 12, 15, 57, 83, 125, 151, 186, 237, 282, 322, 350, 372, 421], "summary": {"covered_lines": 18, "num_statements": 18, "percent_covered": 100.0, "percent_covered_display": "100", "missing_lines": 0, "excluded_lines": 0, "percent_statements_covered": 100.0, "percent_statements_covered_display": "100"}, "missing_lines": [], "excluded_lines": []}}}, "algorithms\\recommendation.py": {"executed_lines": [3, 4, 5, 6, 8], "summary": {"covered_lines": 5, "num_statements": 250, "percent_covered": 2.0, "percent_covered_display": "2", "missing_lines": 245, "excluded_lines": 0, "percent_statements_covered": 2.0, "percent_statements_covered_display": "2"}, "missing_lines": [9, 10, 11, 12, 14, 15, 16, 17, 18, 19, 22, 25, 26, 28, 40, 42, 43, 44, 45, 46, 47, 48, 49, 50, 51, 52, 54, 55, 56, 58, 60, 62, 63, 64, 66, 71, 76, 79, 84, 85, 86, 89, 90, 91, 95, 96, 99, 100, 102, 105, 106, 108, 111, 115, 117, 122, 128, 129, 130, 133, 135, 137, 140, 143, 144, 145, 146, 147, 149, 151, 153, 154, 156, 157, 158, 159, 161, 164, 167, 170, 173, 174, 175, 176, 177, 178, 181, 182, 184, 186, 188, 190, 191, 199, 202, 205, 206, 207, 208, 209, 213, 214, 215, 216, 217, 220, 223, 224, 226, 228, 229, 230, 231, 233, 236, 239, 244, 245, 252, 258, 259, 260, 263, 264, 267, 268, 271, 274, 275, 277, 279, 280, 282, 284, 285, 286, 287, 289, 291, 292, 295, 300, 308, 309, 310, 311, 312, 313, 315, 316, 319, 325, 327, 328, 329, 331, 332, 334, 336, 337, 338, 339, 341, 343, 344, 347, 352, 360, 361, 362, 363, 364, 365, 367, 368, 371, 372, 374, 375, 376, 378, 379, 381, 391, 395, 396, 399, 400, 405, 406, 411, 412, 413, 414, 415, 417, 418, 421, 422, 425, 427, 429, 434, 443, 444, 449, 451, 460, 461, 467, 469, 473, 481, 482, 489, 492, 495, 496, 499, 500, 506, 507, 509, 510, 511, 512, 515, 518, 523, 525, 526, 528, 530, 537, 539, 540, 542, 544, 554, 556, 557, 559, 560, 562, 573], "excluded_lines": [], "functions": {"RecommendationEngine.__init__": {"executed_lines": [], "summary": {"covered_lines": 0, "num_statements": 1, "percent_covered": 0.0, "percent_covered_display": "0", "missing_lines": 1, "excluded_lines": 0, "percent_statements_covered": 0.0, "percent_statements_covered_display": "0"}, "missing_lines": [26], "excluded_lines": []}, "RecommendationEngine.get_user_recommendations": {"executed_lines": [], "summary": {"covered_lines": 0, "num_statements": 16, "percent_covered": 0.0, "percent_covered_display": "0", "missing_lines": 16, "excluded_lines": 0, "percent_statements_covered": 0.0, "percent_statements_covered_display": "0"}, "missing_lines": [40, 42, 43, 44, 45, 46, 47, 48, 49, 50, 51, 52, 54, 55, 56, 58], "excluded_lines": []}, "RecommendationEngine._recommend_celebrities_for_fan": {"executed_lines": [], "summary": {"covered_lines": 0, "num_statements": 20, "percent_covered": 0.0, "percent_covered_display": "0", "missing_lines": 20, "excluded_lines": 0, "percent_statements_covered": 0.0, "percent_statements_covered_display": "0"}, "missing_lines": [62, 63, 64, 66, 71, 76, 79, 84, 85, 86, 89, 90, 91, 95, 96, 99, 100, 102, 105, 106], "excluded_lines": []}, "RecommendationEngine._recommend_posts_for_user": {"executed_lines": [], "summary": {"covered_lines": 0, "num_statements": 17, "percent_covered": 0.0, "percent_covered_display": "0", "missing_lines": 17, "excluded_lines": 0, "percent_statements_covered": 0.0, "percent_statements_covered_display": "0"}, "missing_lines": [111, 115, 117, 122, 128, 129, 130, 133, 135, 137, 140, 143, 144, 145, 146, 147, 149], "excluded_lines": []}, "RecommendationEngine._score_posts_by_content": {"executed_lines": [], "summary": {"covered_lines": 0, "num_statements": 20, "percent_covered": 0.0, "percent_covered_display": "0", "missing_lines": 20, "excluded_lines": 0, "percent_statements_covered": 0.0, "percent_statements_covered_display": "0"}, "missing_lines": [153, 154, 156, 157, 158, 159, 161, 164, 167, 170, 173, 174, 175, 176, 177, 178, 181, 182, 184, 186], "excluded_lines": []}, "RecommendationEngine._recommend_events_for_fan": {"executed_lines": [], "summary": {"covered_lines": 0, "num_statements": 23, "percent_covered": 0.0, "percent_covered_display": "0", "missing_lines": 23, "excluded_lines": 0, "percent_statements_covered": 0.0, "percent_statements_covered_display": "0"}, "missing_lines": [190, 191, 199, 202, 205, 206, 207, 208, 209, 213, 214, 215, 216, 217, 220, 223, 224, 226, 228, 229, 230, 231, 233], "excluded_lines": []}, "RecommendationEngine._recommend_merchandise_for_fan": {"executed_lines": [], "summary": {"covered_lines": 0, "num_statements": 17, "percent_covered": 0.0, "percent_covered_display": "0", "missing_lines": 17, "excluded_lines": 0, "percent_statements_covered": 0.0, "percent_statements_covered_display": "0"}, "missing_lines": [239, 244, 245, 252, 258, 259, 260, 263, 264, 267, 268, 271, 274, 275, 277, 279, 280], "excluded_lines": []}, "RecommendationEngine._recommend_similar_fans": {"executed_lines": [], "summary": {"covered_lines": 0, "num_statements": 24, "percent_covered": 0.0, "percent_covered_display": "0", "missing_lines": 24, "excluded_lines": 0, "percent_statements_covered": 0.0, "percent_statements_covered_display": "0"}, "missing_lines": [284, 285, 286, 287, 289, 291, 292, 295, 300, 308, 309, 310, 311, 312, 313, 315, 316, 319, 325, 327, 328, 329, 331, 332], "excluded_lines": []}, "RecommendationEngine._recommend_fans_for_celebrity": {"executed_lines": [], "summary": {"covered_lines": 0, "num_statements": 24, "percent_covered": 0.0, "percent_covered_display": "0", "missing_lines": 24, "excluded_lines": 0, "percent_statements_covered": 0.0, "percent_statements_covered_display": "0"}, "missing_lines": [336, 337, 338, 339, 341, 343, 344, 347, 352, 360, 361, 362, 363, 364, 365, 367, 368, 371, 372, 374, 375, 376, 378, 379], "excluded_lines": []}, "RecommendationEngine.get_collaborative_filtering_recommendations": {"executed_lines": [], "summary": {"covered_lines": 0, "num_statements": 32, "percent_covered": 0.0, "percent_covered_display": "0", "missing_lines": 32, "excluded_lines": 0, "percent_statements_covered": 0.0, "percent_statements_covered_display": "0"}, "missing_lines": [391, 395, 396, 399, 400, 405, 406, 411, 412, 413, 414, 415, 417, 418, 421, 422, 425, 427, 429, 434, 443, 444, 449, 451, 460, 461, 467, 469, 473, 481, 482, 489], "excluded_lines": []}, "TrendingEngine.calculate_trending_hashtags": {"executed_lines": [], "summary": {"covered_lines": 0, "num_statements": 11, "percent_covered": 0.0, "percent_covered_display": "0", "missing_lines": 11, "excluded_lines": 0, "percent_statements_covered": 0.0, "percent_statements_covered_display": "0"}, "missing_lines": [499, 500, 506, 507, 509, 510, 511, 512, 515, 518, 523], "excluded_lines": []}, "TrendingEngine.calculate_trending_posts": {"executed_lines": [], "summary": {"covered_lines": 0, "num_statements": 3, "percent_covered": 0.0, "percent_covered_display": "0", "missing_lines": 3, "excluded_lines": 0, "percent_statements_covered": 0.0, "percent_statements_covered_display": "0"}, "missing_lines": [528, 530, 537], "excluded_lines": []}, "TrendingEngine.calculate_trending_celebrities": {"executed_lines": [], "summary": {"covered_lines": 0, "num_statements": 3, "percent_covered": 0.0, "percent_covered_display": "0", "missing_lines": 3, "excluded_lines": 0, "percent_statements_covered": 0.0, "percent_statements_covered_display": "0"}, "missing_lines": [542, 544, 554], "excluded_lines": []}, "TrendingEngine.calculate_trending_events": {"executed_lines": [], "summary": {"covered_lines": 0, "num_statements": 4, "percent_covered": 0.0, "percent_covered_display": "0", "missing_lines": 4, "excluded_lines": 0, "percent_statements_covered": 0.0, "percent_statements_covered_display": "0"}, "missing_lines": [559, 560, 562, 573], "excluded_lines": []}, "": {"executed_lines": [3, 4, 5, 6, 8], "summary": {"covered_lines": 5, "num_statements": 35, "percent_covered": 14.285714285714286, "percent_covered_display": "14", "missing_lines": 30, "excluded_lines": 0, "percent_statements_covered": 14.285714285714286, "percent_statements_covered_display": "14"}, "missing_lines": [9, 10, 11, 12, 14, 15, 16, 17, 18, 19, 22, 25, 28, 60, 108, 151, 188, 236, 282, 334, 381, 492, 495, 496, 525, 526, 539, 540, 556, 557], "excluded_lines": []}}, "classes": {"RecommendationEngine": {"executed_lines": [], "summary": {"covered_lines": 0, "num_statements": 194, "percent_covered": 0.0, "percent_covered_display": "0", "missing_lines": 194, "excluded_lines": 0, "percent_statements_covered": 0.0, "percent_statements_covered_display": "0"}, "missing_lines": [26, 40, 42, 43, 44, 45, 46, 47, 48, 49, 50, 51, 52, 54, 55, 56, 58, 62, 63, 64, 66, 71, 76, 79, 84, 85, 86, 89, 90, 91, 95, 96, 99, 100, 102, 105, 106, 111, 115, 117, 122, 128, 129, 130, 133, 135, 137, 140, 143, 144, 145, 146, 147, 149, 153, 154, 156, 157, 158, 159, 161, 164, 167, 170, 173, 174, 175, 176, 177, 178, 181, 182, 184, 186, 190, 191, 199, 202, 205, 206, 207, 208, 209, 213, 214, 215, 216, 217, 220, 223, 224, 226, 228, 229, 230, 231, 233, 239, 244, 245, 252, 258, 259, 260, 263, 264, 267, 268, 271, 274, 275, 277, 279, 280, 284, 285, 286, 287, 289, 291, 292, 295, 300, 308, 309, 310, 311, 312, 313, 315, 316, 319, 325, 327, 328, 329, 331, 332, 336, 337, 338, 339, 341, 343, 344, 347, 352, 360, 361, 362, 363, 364, 365, 367, 368, 371, 372, 374, 375, 376, 378, 379, 391, 395, 396, 399, 400, 405, 406, 411, 412, 413, 414, 415, 417, 418, 421, 422, 425, 427, 429, 434, 443, 444, 449, 451, 460, 461, 467, 469, 473, 481, 482, 489], "excluded_lines": []}, "TrendingEngine": {"executed_lines": [], "summary": {"covered_lines": 0, "num_statements": 21, "percent_covered": 0.0, "percent_covered_display": "0", "missing_lines": 21, "excluded_lines": 0, "percent_statements_covered": 0.0, "percent_statements_covered_display": "0"}, "missing_lines": [499, 500, 506, 507, 509, 510, 511, 512, 515, 518, 523, 528, 530, 537, 542, 544, 554, 559, 560, 562, 573], "excluded_lines": []}, "": {"executed_lines": [3, 4, 5, 6, 8], "summary": {"covered_lines": 5, "num_statements": 35, "percent_covered": 14.285714285714286, "percent_covered_display": "14", "missing_lines": 30, "excluded_lines": 0, "percent_statements_covered": 14.285714285714286, "percent_statements_covered_display": "14"}, "missing_lines": [9, 10, 11, 12, 14, 15, 16, 17, 18, 19, 22, 25, 28, 60, 108, 151, 188, 236, 282, 334, 381, 492, 495, 496, 525, 526, 539, 540, 556, 557], "excluded_lines": []}}}, "algorithms\\sentiment.py": {"executed_lines": [3, 4, 5, 7, 8, 9, 10, 13, 14, 16, 17, 21, 22, 26, 27, 38, 39, 41, 42, 43, 44, 52, 60, 70, 78, 87, 99, 108, 111, 112, 113, 116, 117, 118, 121, 126, 127, 130, 131, 132, 133, 138, 140, 147, 160, 169, 170, 171, 174, 176, 177, 182, 183, 186, 187, 190, 197, 200, 201, 204, 205, 206, 207, 210, 213, 216, 218, 221, 223, 232, 243, 250, 251, 254, 255, 260, 261, 266, 272, 273, 278, 283, 288, 290, 296, 307, 314, 315, 318, 319, 320, 323, 324, 330, 333, 334, 335, 336, 341, 346, 352, 358, 365, 368, 371, 374, 377, 379, 381, 388, 391, 392, 393, 396, 397, 398, 399, 401, 403, 408, 410, 414, 417, 418, 420, 421, 423, 441, 444, 447, 448, 453, 457, 461, 465, 466, 468, 472, 473, 474, 479, 483, 488, 489, 490, 493, 495, 503, 539], "summary": {"covered_lines": 147, "num_statements": 221, "percent_covered": 66.5158371040724, "percent_covered_display": "67", "missing_lines": 74, "excluded_lines": 0, "percent_statements_covered": 66.5158371040724, "percent_statements_covered_display": "67"}, "missing_lines": [18, 19, 23, 24, 28, 29, 30, 32, 34, 35, 45, 47, 49, 100, 123, 135, 161, 178, 179, 191, 193, 194, 217, 219, 244, 256, 257, 262, 263, 274, 275, 279, 280, 284, 285, 308, 325, 338, 389, 404, 405, 409, 411, 449, 450, 454, 458, 462, 467, 469, 475, 476, 480, 484, 485, 517, 520, 521, 522, 523, 524, 525, 526, 527, 528, 530, 531, 533, 553, 558, 559, 560, 562, 564], "excluded_lines": [], "functions": {"SentimentAnalyzer.__init__": {"executed_lines": [42, 43, 44, 52, 60, 70, 78], "summary": {"covered_lines": 7, "num_statements": 10, "percent_covered": 70.0, "percent_covered_display": "70", "missing_lines": 3, "excluded_lines": 0, "percent_statements_covered": 70.0, "percent_statements_covered_display": "70"}, "missing_lines": [45, 47, 49], "excluded_lines": []}, "SentimentAnalyzer.analyze_sentiment": {"executed_lines": [99, 108, 111, 112, 113, 116, 117, 118, 121, 126, 127, 130, 131, 132, 133, 138, 140], "summary": {"covered_lines": 17, "num_statements": 20, "percent_covered": 85.0, "percent_covered_display": "85", "missing_lines": 3, "excluded_lines": 0, "percent_statements_covered": 85.0, "percent_statements_covered_display": "85"}, "missing_lines": [100, 123, 135], "excluded_lines": []}, "SentimentAnalyzer.detect_toxicity": {"executed_lines": [160, 169, 170, 171, 174, 176, 177, 182, 183, 186, 187, 190, 197, 200, 201, 204, 205, 206, 207, 210, 213, 216, 218, 221, 223], "summary": {"covered_lines": 25, "num_statements": 33, "percent_covered": 75.75757575757575, "percent_covered_display": "76", "missing_lines": 8, "excluded_lines": 0, "percent_statements_covered": 75.75757575757575, "percent_statements_covered_display": "76"}, "missing_lines": [161, 178, 179, 191, 193, 194, 217, 219], "excluded_lines": []}, "SentimentAnalyzer.detect_spam": {"executed_lines": [243, 250, 251, 254, 255, 260, 261, 266, 272, 273, 278, 283, 288, 290], "summary": {"covered_lines": 14, "num_statements": 25, "percent_covered": 56.0, "percent_covered_display": "56", "missing_lines": 11, "excluded_lines": 0, "percent_statements_covered": 56.0, "percent_statements_covered_display": "56"}, "missing_lines": [244, 256, 257, 262, 263, 274, 275, 279, 280, 284, 285], "excluded_lines": []}, "SentimentAnalyzer.extract_emotions": {"executed_lines": [307, 314, 315, 318, 319, 320, 323, 324, 330, 333, 334, 335, 336, 341, 346], "summary": {"covered_lines": 15, "num_statements": 18, "percent_covered": 83.33333333333333, "percent_covered_display": "83", "missing_lines": 3, "excluded_lines": 0, "percent_statements_covered": 83.33333333333333, "percent_statements_covered_display": "83"}, "missing_lines": [308, 325, 338], "excluded_lines": []}, "SentimentAnalyzer.get_content_insights": {"executed_lines": [358], "summary": {"covered_lines": 1, "num_statements": 1, "percent_covered": 100.0, "percent_covered_display": "100", "missing_lines": 0, "excluded_lines": 0, "percent_statements_covered": 100.0, "percent_statements_covered_display": "100"}, "missing_lines": [], "excluded_lines": []}, "SentimentAnalyzer._preprocess_text": {"executed_lines": [368, 371, 374, 377, 379], "summary": {"covered_lines": 5, "num_statements": 5, "percent_covered": 100.0, "percent_covered_display": "100", "missing_lines": 0, "excluded_lines": 0, "percent_statements_covered": 100.0, "percent_statements_covered_display": "100"}, "missing_lines": [], "excluded_lines": []}, "SentimentAnalyzer._calculate_profanity_penalty": {"executed_lines": [388, 391, 392, 393, 396, 397, 398, 399, 401, 403, 408, 410, 414], "summary": {"covered_lines": 13, "num_statements": 18, "percent_covered": 72.22222222222223, "percent_covered_display": "72", "missing_lines": 5, "excluded_lines": 0, "percent_statements_covered": 72.22222222222223, "percent_statements_covered_display": "72"}, "missing_lines": [389, 404, 405, 409, 411], "excluded_lines": []}, "EngagementPredictor.__init__": {"executed_lines": [421], "summary": {"covered_lines": 1, "num_statements": 1, "percent_covered": 100.0, "percent_covered_display": "100", "missing_lines": 0, "excluded_lines": 0, "percent_statements_covered": 100.0, "percent_statements_covered_display": "100"}, "missing_lines": [], "excluded_lines": []}, "EngagementPredictor.predict_post_engagement": {"executed_lines": [441, 444, 447, 448, 453, 457, 461, 465, 466, 468, 472, 473, 474, 479, 483, 488, 489, 490, 493, 495], "summary": {"covered_lines": 20, "num_statements": 32, "percent_covered": 62.5, "percent_covered_display": "62", "missing_lines": 12, "excluded_lines": 0, "percent_statements_covered": 62.5, "percent_statements_covered_display": "62"}, "missing_lines": [449, 450, 454, 458, 462, 467, 469, 475, 476, 480, 484, 485], "excluded_lines": []}, "EngagementPredictor.analyze_hashtag_effectiveness": {"executed_lines": [], "summary": {"covered_lines": 0, "num_statements": 13, "percent_covered": 0.0, "percent_covered_display": "0", "missing_lines": 13, "excluded_lines": 0, "percent_statements_covered": 0.0, "percent_statements_covered_display": "0"}, "missing_lines": [517, 520, 521, 522, 523, 524, 525, 526, 527, 528, 530, 531, 533], "excluded_lines": []}, "EngagementPredictor.suggest_best_posting_time": {"executed_lines": [], "summary": {"covered_lines": 0, "num_statements": 6, "percent_covered": 0.0, "percent_covered_display": "0", "missing_lines": 6, "excluded_lines": 0, "percent_statements_covered": 0.0, "percent_statements_covered_display": "0"}, "missing_lines": [553, 558, 559, 560, 562, 564], "excluded_lines": []}, "": {"executed_lines": [3, 4, 5, 7, 8, 9, 10, 13, 14, 16, 17, 21, 22, 26, 27, 38, 39, 41, 87, 147, 232, 296, 352, 365, 381, 417, 418, 420, 423, 503, 539], "summary": {"covered_lines": 29, "num_statements": 39, "percent_covered": 74.35897435897436, "percent_covered_display": "74", "missing_lines": 10, "excluded_lines": 0, "percent_statements_covered": 74.35897435897436, "percent_statements_covered_display": "74"}, "missing_lines": [18, 19, 23, 24, 28, 29, 30, 32, 34, 35], "excluded_lines": []}}, "classes": {"SentimentAnalyzer": {"executed_lines": [42, 43, 44, 52, 60, 70, 78, 99, 108, 111, 112, 113, 116, 117, 118, 121, 126, 127, 130, 131, 132, 133, 138, 140, 160, 169, 170, 171, 174, 176, 177, 182, 183, 186, 187, 190, 197, 200, 201, 204, 205, 206, 207, 210, 213, 216, 218, 221, 223, 243, 250, 251, 254, 255, 260, 261, 266, 272, 273, 278, 283, 288, 290, 307, 314, 315, 318, 319, 320, 323, 324, 330, 333, 334, 335, 336, 341, 346, 358, 368, 371, 374, 377, 379, 388, 391, 392, 393, 396, 397, 398, 399, 401, 403, 408, 410, 414], "summary": {"covered_lines": 97, "num_statements": 130, "percent_covered": 74.61538461538461, "percent_covered_display": "75", "missing_lines": 33, "excluded_lines": 0, "percent_statements_covered": 74.61538461538461, "percent_statements_covered_display": "75"}, "missing_lines": [45, 47, 49, 100, 123, 135, 161, 178, 179, 191, 193, 194, 217, 219, 244, 256, 257, 262, 263, 274, 275, 279, 280, 284, 285, 308, 325, 338, 389, 404, 405, 409, 411], "excluded_lines": []}, "EngagementPredictor": {"executed_lines": [421, 441, 444, 447, 448, 453, 457, 461, 465, 466, 468, 472, 473, 474, 479, 483, 488, 489, 490, 493, 495], "summary": {"covered_lines": 21, "num_statements": 52, "percent_covered": 40.38461538461539, "percent_covered_display": "40", "missing_lines": 31, "excluded_lines": 0, "percent_statements_covered": 40.38461538461539, "percent_statements_covered_display": "40"}, "missing_lines": [449, 450, 454, 458, 462, 467, 469, 475, 476, 480, 484, 485, 517, 520, 521, 522, 523, 524, 525, 526, 527, 528, 530, 531, 533, 553, 558, 559, 560, 562, 564], "excluded_lines": []}, "": {"executed_lines": [3, 4, 5, 7, 8, 9, 10, 13, 14, 16, 17, 21, 22, 26, 27, 38, 39, 41, 87, 147, 232, 296, 352, 365, 381, 417, 418, 420, 423, 503, 539], "summary": {"covered_lines": 29, "num_statements": 39, "percent_covered": 74.35897435897436, "percent_covered_display": "74", "missing_lines": 10, "excluded_lines": 0, "percent_statements_covered": 74.35897435897436, "percent_statements_covered_display": "74"}, "missing_lines": [18, 19, 23, 24, 28, 29, 30, 32, 34, 35], "excluded_lines": []}}}, "algorithms\\string_matching.py": {"executed_lines": [3, 4, 6, 7, 9, 10, 12, 13, 16, 17, 20, 22, 24, 25, 27, 28, 31, 32, 34, 37, 39, 40], "summary": {"covered_lines": 21, "num_statements": 32, "percent_covered": 65.625, "percent_covered_display": "66", "missing_lines": 11, "excluded_lines": 0, "percent_statements_covered": 65.625, "percent_statements_covered_display": "66"}, "missing_lines": [35, 46, 48, 49, 52, 53, 56, 58, 59, 62, 64], "excluded_lines": [], "functions": {"StringMatcher.fuzzy_match": {"executed_lines": [12, 13, 16, 17, 20, 22], "summary": {"covered_lines": 6, "num_statements": 6, "percent_covered": 100.0, "percent_covered_display": "100", "missing_lines": 0, "excluded_lines": 0, "percent_statements_covered": 100.0, "percent_statements_covered_display": "100"}, "missing_lines": [], "excluded_lines": []}, "StringMatcher.tokenized_match": {"executed_lines": [27, 28, 31, 32, 34, 37], "summary": {"covered_lines": 6, "num_statements": 7, "percent_covered": 85.71428571428571, "percent_covered_display": "86", "missing_lines": 1, "excluded_lines": 0, "percent_statements_covered": 85.71428571428571, "percent_statements_covered_display": "86"}, "missing_lines": [35], "excluded_lines": []}, "StringMatcher.search_rank": {"executed_lines": [], "summary": {"covered_lines": 0, "num_statements": 10, "percent_covered": 0.0, "percent_covered_display": "0", "missing_lines": 10, "excluded_lines": 0, "percent_statements_covered": 0.0, "percent_statements_covered_display": "0"}, "missing_lines": [46, 48, 49, 52, 53, 56, 58, 59, 62, 64], "excluded_lines": []}, "": {"executed_lines": [3, 4, 6, 7, 9, 10, 24, 25, 39, 40], "summary": {"covered_lines": 9, "num_statements": 9, "percent_covered": 100.0, "percent_covered_display": "100", "missing_lines": 0, "excluded_lines": 0, "percent_statements_covered": 100.0, "percent_statements_covered_display": "100"}, "missing_lines": [], "excluded_lines": []}}, "classes": {"StringMatcher": {"executed_lines": [12, 13, 16, 17, 20, 22, 27, 28, 31, 32, 34, 37], "summary": {"covered_lines": 12, "num_statements": 23, "percent_covered": 52.17391304347826, "percent_covered_display": "52", "missing_lines": 11, "excluded_lines": 0, "percent_statements_covered": 52.17391304347826, "percent_statements_covered_display": "52"}, "missing_lines": [35, 46, 48, 49, 52, 53, 56, 58, 59, 62, 64], "excluded_lines": []}, "": {"executed_lines": [3, 4, 6, 7, 9, 10, 24, 25, 39, 40], "summary": {"covered_lines": 9, "num_statements": 9, "percent_covered": 100.0, "percent_covered_display": "100", "missing_lines": 0, "excluded_lines": 0, "percent_statements_covered": 100.0, "percent_statements_covered_display": "100"}, "missing_lines": [], "excluded_lines": []}}}, "algorithms\\utils.py": {"executed_lines": [], "summary": {"covered_lines": 0, "num_statements": 54, "percent_covered": 0.0, "percent_covered_display": "0", "missing_lines": 54, "excluded_lines": 0, "percent_statements_covered": 0.0, "percent_statements_covered_display": "0"}, "missing_lines": [3, 4, 5, 6, 9, 14, 15, 18, 21, 28, 31, 33, 35, 41, 42, 45, 46, 47, 49, 50, 52, 54, 56, 58, 61, 62, 63, 66, 67, 70, 71, 73, 75, 77, 80, 81, 82, 83, 86, 87, 88, 89, 90, 93, 94, 95, 96, 99, 100, 101, 102, 104, 106, 108], "excluded_lines": [], "functions": {"calculate_trending_score": {"executed_lines": [], "summary": {"covered_lines": 0, "num_statements": 7, "percent_covered": 0.0, "percent_covered_display": "0", "missing_lines": 7, "excluded_lines": 0, "percent_statements_covered": 0.0, "percent_statements_covered_display": "0"}, "missing_lines": [14, 15, 18, 21, 28, 31, 33], "excluded_lines": []}, "calculate_user_similarity": {"executed_lines": [], "summary": {"covered_lines": 0, "num_statements": 9, "percent_covered": 0.0, "percent_covered_display": "0", "missing_lines": 9, "excluded_lines": 0, "percent_statements_covered": 0.0, "percent_statements_covered_display": "0"}, "missing_lines": [41, 42, 45, 46, 47, 49, 50, 52, 54], "excluded_lines": []}, "extract_user_features": {"executed_lines": [], "summary": {"covered_lines": 0, "num_statements": 9, "percent_covered": 0.0, "percent_covered_display": "0", "missing_lines": 9, "excluded_lines": 0, "percent_statements_covered": 0.0, "percent_statements_covered_display": "0"}, "missing_lines": [58, 61, 62, 63, 66, 67, 70, 71, 73], "excluded_lines": []}, "detect_spam_pattern": {"executed_lines": [], "summary": {"covered_lines": 0, "num_statements": 19, "percent_covered": 0.0, "percent_covered_display": "0", "missing_lines": 19, "excluded_lines": 0, "percent_statements_covered": 0.0, "percent_statements_covered_display": "0"}, "missing_lines": [77, 80, 81, 82, 83, 86, 87, 88, 89, 90, 93, 94, 95, 96, 99, 100, 101, 102, 104], "excluded_lines": []}, "similarity": {"executed_lines": [], "summary": {"covered_lines": 0, "num_statements": 1, "percent_covered": 0.0, "percent_covered_display": "0", "missing_lines": 1, "excluded_lines": 0, "percent_statements_covered": 0.0, "percent_statements_covered_display": "0"}, "missing_lines": [108], "excluded_lines": []}, "": {"executed_lines": [], "summary": {"covered_lines": 0, "num_statements": 9, "percent_covered": 0.0, "percent_covered_display": "0", "missing_lines": 9, "excluded_lines": 0, "percent_statements_covered": 0.0, "percent_statements_covered_display": "0"}, "missing_lines": [3, 4, 5, 6, 9, 35, 56, 75, 106], "excluded_lines": []}}, "classes": {"": {"executed_lines": [], "summary": {"covered_lines": 0, "num_statements": 54, "percent_covered": 0.0, "percent_covered_display": "0", "missing_lines": 54, "excluded_lines": 0, "percent_statements_covered": 0.0, "percent_statements_covered_display": "0"}, "missing_lines": [3, 4, 5, 6, 9, 14, 15, 18, 21, 28, 31, 33, 35, 41, 42, 45, 46, 47, 49, 50, 52, 54, 56, 58, 61, 62, 63, 66, 67, 70, 71, 73, 75, 77, 80, 81, 82, 83, 86, 87, 88, 89, 90, 93, 94, 95, 96, 99, 100, 101, 102, 104, 106, 108], "excluded_lines": []}}}}, "totals": {"covered_lines": 247, "num_statements": 1087, "percent_covered": 22.723091076356944, "percent_covered_display": "23", "missing_lines": 840, "excluded_lines": 0, "percent_statements_covered": 22.723091076356944, "percent_statements_covered_display": "23"}}